1628530665297	mozrunner::runner	INFO	Running command: "C:\\Program Files (x86)\\Mozilla Firefox\\firefox.exe" "-marionette" "-foreground" "-no-remote" "-profile" "C:\\Users\\USER\\AppData\\Local\\Temp\\rust_mozprofiler5FcKh"
1628530668173	Marionette	INFO	Marionette enabled
JavaScript error: resource://gre/modules/XULStore.jsm, line 66: Error: Can't find profile directory.
console.warn: SearchSettings: "get: No settings file exists, new profile?" (new NotFoundError("Could not open the file at C:\\Users\\USER\\AppData\\Local\\Temp\\rust_mozprofiler5FcKh\\search.json.mozlz4", (void 0)))
1628530676936	Marionette	INFO	Listening on port 60037
1628530677482	RemoteAgent	WARN	TLS certificate errors will be ignored for this session
1628530739113	Marionette	INFO	Stopped listening on port 60037
JavaScript error: resource:///modules/Interactions.jsm, line 209: NS_ERROR_FAILURE: Component returned failure code: 0x80004005 (NS_ERROR_FAILURE) [nsIUserIdleService.removeIdleObserver]
JavaScript error: chrome://remote/content/marionette/cert.js, line 55: NS_ERROR_NOT_AVAILABLE: Component returned failure code: 0x80040111 (NS_ERROR_NOT_AVAILABLE) [nsICertOverrideService.setDisableAllSecurityChecksAndLetAttackersInterceptMyData]

###!!! [Parent][RunMessage] Error: Channel closing: too late to send/recv, messages will be lost

1628530758683	mozrunner::runner	INFO	Running command: "C:\\Program Files (x86)\\Mozilla Firefox\\firefox.exe" "-marionette" "-foreground" "-no-remote" "-profile" "C:\\Users\\USER\\AppData\\Local\\Temp\\rust_mozprofileCPQFsv"
1628530759164	Marionette	INFO	Marionette enabled
JavaScript error: resource://gre/modules/XULStore.jsm, line 66: Error: Can't find profile directory.
console.warn: SearchSettings: "get: No settings file exists, new profile?" (new NotFoundError("Could not open the file at C:\\Users\\USER\\AppData\\Local\\Temp\\rust_mozprofileCPQFsv\\search.json.mozlz4", (void 0)))
1628530762335	Marionette	INFO	Listening on port 60120
1628530762809	RemoteAgent	WARN	TLS certificate errors will be ignored for this session
1628530849758	Marionette	INFO	Stopped listening on port 60120
JavaScript error: resource:///modules/Interactions.jsm, line 209: NS_ERROR_FAILURE: Component returned failure code: 0x80004005 (NS_ERROR_FAILURE) [nsIUserIdleService.removeIdleObserver]
1629461401729	mozrunner::runner	INFO	Running command: "C:\\Program Files (x86)\\Mozilla Firefox\\firefox.exe" "-marionette" "-foreground" "-no-remote" "-profile" "C:\\Users\\USER\\AppData\\Local\\Temp\\rust_mozprofile96yWzp"
1629461444503	mozrunner::runner	INFO	Running command: "C:\\Program Files (x86)\\Mozilla Firefox\\firefox.exe" "-marionette" "-foreground" "-no-remote" "-profile" "C:\\Users\\USER\\AppData\\Local\\Temp\\rust_mozprofilesOIto0"
1629461445121	Marionette	INFO	Marionette enabled
JavaScript error: resource://gre/modules/XULStore.jsm, line 66: Error: Can't find profile directory.
console.warn: SearchSettings: "get: No settings file exists, new profile?" (new NotFoundError("Could not open the file at C:\\Users\\USER\\AppData\\Local\\Temp\\rust_mozprofilesOIto0\\search.json.mozlz4", (void 0)))
1629461451798	Marionette	INFO	Listening on port 52384
1629461452119	RemoteAgent	WARN	TLS certificate errors will be ignored for this session
console.error: Region.jsm: "Error fetching region" (new Error("TIMEOUT", "resource://gre/modules/Region.jsm", 772))
console.error: Region.jsm: "Failed to fetch region" (new Error("TIMEOUT", "resource://gre/modules/Region.jsm", 419))
1629461603941	Marionette	INFO	Stopped listening on port 52384
JavaScript error: resource:///modules/Interactions.jsm, line 230: NS_ERROR_FAILURE: Component returned failure code: 0x80004005 (NS_ERROR_FAILURE) [nsIUserIdleService.removeIdleObserver]

###!!! [Parent][RunMessage] Error: Channel closing: too late to send/recv, messages will be lost

